#
# There is insufficient memory for the Java Runtime Environment to continue.
# Native memory allocation (malloc) failed to allocate 1086896 bytes for Chunk::new
# Possible reasons:
#   The system is out of physical RAM or swap space
#   The process is running with CompressedOops enabled, and the Java Heap may be blocking the growth of the native heap
# Possible solutions:
#   Reduce memory load on the system
#   Increase physical memory or swap space
#   Check if swap backing store is full
#   Decrease Java heap size (-Xmx/-Xms)
#   Decrease number of Java threads
#   Decrease Java thread stack sizes (-Xss)
#   Set larger code cache with -XX:ReservedCodeCacheSize=
#   JVM is running with Zero Based Compressed Oops mode in which the Java heap is
#     placed in the first 32GB address space. The Java Heap base address is the
#     maximum limit for the native heap growth. Please use -XX:HeapBaseMinAddress
#     to set the Java Heap base and to place the Java Heap above 32GB virtual address.
# This output file may be truncated or incomplete.
#
#  Out of Memory Error (arena.cpp:189), pid=13836, tid=17000
#
# JRE version: Java(TM) SE Runtime Environment (17.0.8+9) (build 17.0.8+9-LTS-211)
# Java VM: Java HotSpot(TM) 64-Bit Server VM (17.0.8+9-LTS-211, mixed mode, sharing, tiered, compressed oops, compressed class ptrs, g1 gc, windows-amd64)
# No core dump will be written. Minidumps are not enabled by default on client versions of Windows
#

---------------  S U M M A R Y ------------

Command Line: -Dfile.encoding=UTF-8 -Duser.country=KR -Duser.language=ko -Duser.variant kr.co.fastcampus.fastcatch.FastcatchApplication

Host: 11th Gen Intel(R) Core(TM) i5-1135G7 @ 2.40GHz, 8 cores, 15G,  Windows 10 , 64 bit Build 19041 (10.0.19041.3636)
Time: Tue Nov 28 11:18:37 2023  Windows 10 , 64 bit Build 19041 (10.0.19041.3636) elapsed time: 0.841514 seconds (0d 0h 0m 0s)

---------------  T H R E A D  ---------------

Current thread (0x000002648f2c5820):  JavaThread "C2 CompilerThread2" daemon [_thread_in_native, id=17000, stack(0x000000a05f000000,0x000000a05f100000)]


Current CompileTask:
C2:    841 1513       4       jdk.internal.loader.URLClassPath::getResource (74 bytes)

Stack: [0x000000a05f000000,0x000000a05f100000]
Native frames: (J=compiled Java code, j=interpreted, Vv=VM code, C=native code)
V  [jvm.dll+0x677d0a]
V  [jvm.dll+0x7d8c54]
V  [jvm.dll+0x7da3fe]
V  [jvm.dll+0x7daa63]
V  [jvm.dll+0x245c5f]
V  [jvm.dll+0xaaa6b]
V  [jvm.dll+0xab00c]
V  [jvm.dll+0x361e3f]
V  [jvm.dll+0x32c551]
V  [jvm.dll+0x32b9ea]
V  [jvm.dll+0x217fff]
V  [jvm.dll+0x217431]
V  [jvm.dll+0x1a3af0]
V  [jvm.dll+0x2270be]
V  [jvm.dll+0x22535b]
V  [jvm.dll+0x78e7bc]
V  [jvm.dll+0x788bba]
V  [jvm.dll+0x676b35]
C  [ucrtbase.dll+0x21bb2]
C  [KERNEL32.DLL+0x17344]
C  [ntdll.dll+0x526b1]


---------------  P R O C E S S  ---------------

Threads class SMR info:
_java_thread_list=0x000002648ff3a880, length=15, elements={
0x00000264246ed800, 0x0000026449367b70, 0x0000026449368630, 0x000002644937e690,
0x0000026449381060, 0x0000026449387a40, 0x0000026449388300, 0x0000026449388fa0,
0x0000026449430e90, 0x00000264493898a0, 0x00000264495644a0, 0x0000026449566050,
0x00000264495ae7e0, 0x000002648f2c5820, 0x00000264901ccad0
}

Java Threads: ( => current thread )
  0x00000264246ed800 JavaThread "main" [_thread_in_vm, id=8624, stack(0x000000a05dc00000,0x000000a05dd00000)]
  0x0000026449367b70 JavaThread "Reference Handler" daemon [_thread_blocked, id=1860, stack(0x000000a05e300000,0x000000a05e400000)]
  0x0000026449368630 JavaThread "Finalizer" daemon [_thread_blocked, id=19496, stack(0x000000a05e400000,0x000000a05e500000)]
  0x000002644937e690 JavaThread "Signal Dispatcher" daemon [_thread_blocked, id=11216, stack(0x000000a05e500000,0x000000a05e600000)]
  0x0000026449381060 JavaThread "Attach Listener" daemon [_thread_blocked, id=17592, stack(0x000000a05e600000,0x000000a05e700000)]
  0x0000026449387a40 JavaThread "Service Thread" daemon [_thread_blocked, id=19488, stack(0x000000a05e700000,0x000000a05e800000)]
  0x0000026449388300 JavaThread "Monitor Deflation Thread" daemon [_thread_blocked, id=16248, stack(0x000000a05e800000,0x000000a05e900000)]
  0x0000026449388fa0 JavaThread "C2 CompilerThread0" daemon [_thread_in_native, id=18384, stack(0x000000a05e900000,0x000000a05ea00000)]
  0x0000026449430e90 JavaThread "C1 CompilerThread0" daemon [_thread_blocked, id=18204, stack(0x000000a05ea00000,0x000000a05eb00000)]
  0x00000264493898a0 JavaThread "Sweeper thread" daemon [_thread_blocked, id=21080, stack(0x000000a05eb00000,0x000000a05ec00000)]
  0x00000264495644a0 JavaThread "Notification Thread" daemon [_thread_blocked, id=18404, stack(0x000000a05ec00000,0x000000a05ed00000)]
  0x0000026449566050 JavaThread "Common-Cleaner" daemon [_thread_blocked, id=12496, stack(0x000000a05ee00000,0x000000a05ef00000)]
  0x00000264495ae7e0 JavaThread "C2 CompilerThread1" daemon [_thread_in_native, id=2616, stack(0x000000a05ef00000,0x000000a05f000000)]
=>0x000002648f2c5820 JavaThread "C2 CompilerThread2" daemon [_thread_in_native, id=17000, stack(0x000000a05f000000,0x000000a05f100000)]
  0x00000264901ccad0 JavaThread "background-preinit" [_thread_in_vm, id=21292, stack(0x000000a05f600000,0x000000a05f700000)]

Other Threads:
  0x00000264493641d0 VMThread "VM Thread" [stack: 0x000000a05e200000,0x000000a05e300000] [id=11144]
  0x0000026449565190 WatcherThread [stack: 0x000000a05ed00000,0x000000a05ee00000] [id=16448]
  0x000002642675a250 GCTaskThread "GC Thread#0" [stack: 0x000000a05dd00000,0x000000a05de00000] [id=12892]
  0x000002648f903180 GCTaskThread "GC Thread#1" [stack: 0x000000a05f100000,0x000000a05f200000] [id=8672]
  0x000002648f904700 GCTaskThread "GC Thread#2" [stack: 0x000000a05f200000,0x000000a05f300000] [id=20740]
  0x000002648f903990 GCTaskThread "GC Thread#3" [stack: 0x000000a05f300000,0x000000a05f400000] [id=3196]
  0x000002648f9036e0 GCTaskThread "GC Thread#4" [stack: 0x000000a05f400000,0x000000a05f500000] [id=17220]
  0x000002648f903c40 GCTaskThread "GC Thread#5" [stack: 0x000000a05f500000,0x000000a05f600000] [id=6304]
  0x000002648f9041a0 GCTaskThread "GC Thread#6" [stack: 0x000000a05f700000,0x000000a05f800000] [id=21012]
  0x000002648f902ed0 GCTaskThread "GC Thread#7" [stack: 0x000000a05f800000,0x000000a05f900000] [id=16460]
  0x000002642676bd80 ConcurrentGCThread "G1 Main Marker" [stack: 0x000000a05de00000,0x000000a05df00000] [id=20444]
  0x000002642676ce40 ConcurrentGCThread "G1 Conc#0" [stack: 0x000000a05df00000,0x000000a05e000000] [id=17656]
  0x00000264267be7a0 ConcurrentGCThread "G1 Refine#0" [stack: 0x000000a05e000000,0x000000a05e100000] [id=18280]
  0x0000026449217660 ConcurrentGCThread "G1 Service" [stack: 0x000000a05e100000,0x000000a05e200000] [id=10984]

Threads with active compile tasks:
C2 CompilerThread0      865 1580       4       java.net.URLStreamHandler::parseURL (1201 bytes)
C2 CompilerThread1      865 1648       4       jdk.internal.org.objectweb.asm.Frame::execute (2305 bytes)
C2 CompilerThread2      865 1513       4       jdk.internal.loader.URLClassPath::getResource (74 bytes)

VM state: not at safepoint (normal execution)

VM Mutex/Monitor currently owned by a thread:  ([mutex/lock_event])
[0x00000264266effa0] Metaspace_lock - owner thread: 0x00000264901ccad0

Heap address: 0x0000000703200000, size: 4046 MB, Compressed Oops mode: Zero based, Oop shift amount: 3

CDS archive(s) mapped at: [0x000002644a000000-0x000002644abd0000-0x000002644abd0000), size 12386304, SharedBaseAddress: 0x000002644a000000, ArchiveRelocationMode: 1.
Compressed class space mapped at: 0x000002644b000000-0x000002648b000000, reserved size: 1073741824
Narrow klass base: 0x000002644a000000, Narrow klass shift: 0, Narrow klass range: 0x100000000

GC Precious Log:
 CPUs: 8 total, 8 available
 Memory: 16183M
 Large Page Support: Disabled
 NUMA Support: Disabled
 Compressed Oops: Enabled (Zero based)
 Heap Region Size: 2M
 Heap Min Capacity: 8M
 Heap Initial Capacity: 254M
 Heap Max Capacity: 4046M
 Pre-touch: Disabled
 Parallel Workers: 8
 Concurrent Workers: 2
 Concurrent Refinement Workers: 8
 Periodic GC: Disabled

Heap:
 garbage-first heap   total 260096K, used 12054K [0x0000000703200000, 0x0000000800000000)
  region size 2048K, 4 young (8192K), 1 survivors (2048K)
 Metaspace       used 11291K, committed 11456K, reserved 1114112K
  class space    used 1493K, committed 1600K, reserved 1048576K

Heap Regions: E=young(eden), S=young(survivor), O=old, HS=humongous(starts), HC=humongous(continues), CS=collection set, F=free, OA=open archive, CA=closed archive, TAMS=top-at-mark-start (previous, next)
|   0|0x0000000703200000, 0x0000000703400000, 0x0000000703400000|100%| O|  |TAMS 0x0000000703200000, 0x0000000703200000| Untracked 
|   1|0x0000000703400000, 0x0000000703600000, 0x0000000703600000|100%| O|  |TAMS 0x0000000703400000, 0x0000000703400000| Untracked 
|   2|0x0000000703600000, 0x0000000703800000, 0x0000000703800000|100%| O|  |TAMS 0x0000000703600000, 0x0000000703600000| Untracked 
|   3|0x0000000703800000, 0x0000000703841400, 0x0000000703a00000| 12%| O|  |TAMS 0x0000000703800000, 0x0000000703800000| Untracked 
|   4|0x0000000703a00000, 0x0000000703a00000, 0x0000000703c00000|  0%| F|  |TAMS 0x0000000703a00000, 0x0000000703a00000| Untracked 
|   5|0x0000000703c00000, 0x0000000703c00000, 0x0000000703e00000|  0%| F|  |TAMS 0x0000000703c00000, 0x0000000703c00000| Untracked 
|   6|0x0000000703e00000, 0x0000000703e00000, 0x0000000704000000|  0%| F|  |TAMS 0x0000000703e00000, 0x0000000703e00000| Untracked 
|   7|0x0000000704000000, 0x0000000704000000, 0x0000000704200000|  0%| F|  |TAMS 0x0000000704000000, 0x0000000704000000| Untracked 
|   8|0x0000000704200000, 0x0000000704200000, 0x0000000704400000|  0%| F|  |TAMS 0x0000000704200000, 0x0000000704200000| Untracked 
|   9|0x0000000704400000, 0x0000000704400000, 0x0000000704600000|  0%| F|  |TAMS 0x0000000704400000, 0x0000000704400000| Untracked 
|  10|0x0000000704600000, 0x0000000704600000, 0x0000000704800000|  0%| F|  |TAMS 0x0000000704600000, 0x0000000704600000| Untracked 
|  11|0x0000000704800000, 0x0000000704800000, 0x0000000704a00000|  0%| F|  |TAMS 0x0000000704800000, 0x0000000704800000| Untracked 
|  12|0x0000000704a00000, 0x0000000704a00000, 0x0000000704c00000|  0%| F|  |TAMS 0x0000000704a00000, 0x0000000704a00000| Untracked 
|  13|0x0000000704c00000, 0x0000000704c00000, 0x0000000704e00000|  0%| F|  |TAMS 0x0000000704c00000, 0x0000000704c00000| Untracked 
|  14|0x0000000704e00000, 0x0000000704e00000, 0x0000000705000000|  0%| F|  |TAMS 0x0000000704e00000, 0x0000000704e00000| Untracked 
|  15|0x0000000705000000, 0x0000000705000000, 0x0000000705200000|  0%| F|  |TAMS 0x0000000705000000, 0x0000000705000000| Untracked 
|  16|0x0000000705200000, 0x0000000705200000, 0x0000000705400000|  0%| F|  |TAMS 0x0000000705200000, 0x0000000705200000| Untracked 
|  17|0x0000000705400000, 0x0000000705400000, 0x0000000705600000|  0%| F|  |TAMS 0x0000000705400000, 0x0000000705400000| Untracked 
|  18|0x0000000705600000, 0x0000000705600000, 0x0000000705800000|  0%| F|  |TAMS 0x0000000705600000, 0x0000000705600000| Untracked 
|  19|0x0000000705800000, 0x0000000705800000, 0x0000000705a00000|  0%| F|  |TAMS 0x0000000705800000, 0x0000000705800000| Untracked 
|  20|0x0000000705a00000, 0x0000000705a00000, 0x0000000705c00000|  0%| F|  |TAMS 0x0000000705a00000, 0x0000000705a00000| Untracked 
|  21|0x0000000705c00000, 0x0000000705c00000, 0x0000000705e00000|  0%| F|  |TAMS 0x0000000705c00000, 0x0000000705c00000| Untracked 
|  22|0x0000000705e00000, 0x0000000705e00000, 0x0000000706000000|  0%| F|  |TAMS 0x0000000705e00000, 0x0000000705e00000| Untracked 
|  23|0x0000000706000000, 0x0000000706000000, 0x0000000706200000|  0%| F|  |TAMS 0x0000000706000000, 0x0000000706000000| Untracked 
|  24|0x0000000706200000, 0x0000000706200000, 0x0000000706400000|  0%| F|  |TAMS 0x0000000706200000, 0x0000000706200000| Untracked 
|  25|0x0000000706400000, 0x0000000706400000, 0x0000000706600000|  0%| F|  |TAMS 0x0000000706400000, 0x0000000706400000| Untracked 
|  26|0x0000000706600000, 0x0000000706600000, 0x0000000706800000|  0%| F|  |TAMS 0x0000000706600000, 0x0000000706600000| Untracked 
|  27|0x0000000706800000, 0x0000000706800000, 0x0000000706a00000|  0%| F|  |TAMS 0x0000000706800000, 0x0000000706800000| Untracked 
|  28|0x0000000706a00000, 0x0000000706a00000, 0x0000000706c00000|  0%| F|  |TAMS 0x0000000706a00000, 0x0000000706a00000| Untracked 
|  29|0x0000000706c00000, 0x0000000706c00000, 0x0000000706e00000|  0%| F|  |TAMS 0x0000000706c00000, 0x0000000706c00000| Untracked 
|  30|0x0000000706e00000, 0x0000000706e00000, 0x0000000707000000|  0%| F|  |TAMS 0x0000000706e00000, 0x0000000706e00000| Untracked 
|  31|0x0000000707000000, 0x0000000707000000, 0x0000000707200000|  0%| F|  |TAMS 0x0000000707000000, 0x0000000707000000| Untracked 
|  32|0x0000000707200000, 0x0000000707200000, 0x0000000707400000|  0%| F|  |TAMS 0x0000000707200000, 0x0000000707200000| Untracked 
|  33|0x0000000707400000, 0x0000000707400000, 0x0000000707600000|  0%| F|  |TAMS 0x0000000707400000, 0x0000000707400000| Untracked 
|  34|0x0000000707600000, 0x0000000707600000, 0x0000000707800000|  0%| F|  |TAMS 0x0000000707600000, 0x0000000707600000| Untracked 
|  35|0x0000000707800000, 0x0000000707800000, 0x0000000707a00000|  0%| F|  |TAMS 0x0000000707800000, 0x0000000707800000| Untracked 
|  36|0x0000000707a00000, 0x0000000707a00000, 0x0000000707c00000|  0%| F|  |TAMS 0x0000000707a00000, 0x0000000707a00000| Untracked 
|  37|0x0000000707c00000, 0x0000000707c00000, 0x0000000707e00000|  0%| F|  |TAMS 0x0000000707c00000, 0x0000000707c00000| Untracked 
|  38|0x0000000707e00000, 0x0000000707e00000, 0x0000000708000000|  0%| F|  |TAMS 0x0000000707e00000, 0x0000000707e00000| Untracked 
|  39|0x0000000708000000, 0x0000000708000000, 0x0000000708200000|  0%| F|  |TAMS 0x0000000708000000, 0x0000000708000000| Untracked 
|  40|0x0000000708200000, 0x0000000708200000, 0x0000000708400000|  0%| F|  |TAMS 0x0000000708200000, 0x0000000708200000| Untracked 
|  41|0x0000000708400000, 0x0000000708400000, 0x0000000708600000|  0%| F|  |TAMS 0x0000000708400000, 0x0000000708400000| Untracked 
|  42|0x0000000708600000, 0x0000000708600000, 0x0000000708800000|  0%| F|  |TAMS 0x0000000708600000, 0x0000000708600000| Untracked 
|  43|0x0000000708800000, 0x0000000708800000, 0x0000000708a00000|  0%| F|  |TAMS 0x0000000708800000, 0x0000000708800000| Untracked 
|  44|0x0000000708a00000, 0x0000000708a00000, 0x0000000708c00000|  0%| F|  |TAMS 0x0000000708a00000, 0x0000000708a00000| Untracked 
|  45|0x0000000708c00000, 0x0000000708c00000, 0x0000000708e00000|  0%| F|  |TAMS 0x0000000708c00000, 0x0000000708c00000| Untracked 
|  46|0x0000000708e00000, 0x0000000708e00000, 0x0000000709000000|  0%| F|  |TAMS 0x0000000708e00000, 0x0000000708e00000| Untracked 
|  47|0x0000000709000000, 0x0000000709000000, 0x0000000709200000|  0%| F|  |TAMS 0x0000000709000000, 0x0000000709000000| Untracked 
|  48|0x0000000709200000, 0x0000000709200000, 0x0000000709400000|  0%| F|  |TAMS 0x0000000709200000, 0x0000000709200000| Untracked 
|  49|0x0000000709400000, 0x0000000709400000, 0x0000000709600000|  0%| F|  |TAMS 0x0000000709400000, 0x0000000709400000| Untracked 
|  50|0x0000000709600000, 0x0000000709600000, 0x0000000709800000|  0%| F|  |TAMS 0x0000000709600000, 0x0000000709600000| Untracked 
|  51|0x0000000709800000, 0x0000000709800000, 0x0000000709a00000|  0%| F|  |TAMS 0x0000000709800000, 0x0000000709800000| Untracked 
|  52|0x0000000709a00000, 0x0000000709a00000, 0x0000000709c00000|  0%| F|  |TAMS 0x0000000709a00000, 0x0000000709a00000| Untracked 
|  53|0x0000000709c00000, 0x0000000709c00000, 0x0000000709e00000|  0%| F|  |TAMS 0x0000000709c00000, 0x0000000709c00000| Untracked 
|  54|0x0000000709e00000, 0x0000000709e00000, 0x000000070a000000|  0%| F|  |TAMS 0x0000000709e00000, 0x0000000709e00000| Untracked 
|  55|0x000000070a000000, 0x000000070a000000, 0x000000070a200000|  0%| F|  |TAMS 0x000000070a000000, 0x000000070a000000| Untracked 
|  56|0x000000070a200000, 0x000000070a200000, 0x000000070a400000|  0%| F|  |TAMS 0x000000070a200000, 0x000000070a200000| Untracked 
|  57|0x000000070a400000, 0x000000070a400000, 0x000000070a600000|  0%| F|  |TAMS 0x000000070a400000, 0x000000070a400000| Untracked 
|  58|0x000000070a600000, 0x000000070a600000, 0x000000070a800000|  0%| F|  |TAMS 0x000000070a600000, 0x000000070a600000| Untracked 
|  59|0x000000070a800000, 0x000000070a800000, 0x000000070aa00000|  0%| F|  |TAMS 0x000000070a800000, 0x000000070a800000| Untracked 
|  60|0x000000070aa00000, 0x000000070aa00000, 0x000000070ac00000|  0%| F|  |TAMS 0x000000070aa00000, 0x000000070aa00000| Untracked 
|  61|0x000000070ac00000, 0x000000070ac00000, 0x000000070ae00000|  0%| F|  |TAMS 0x000000070ac00000, 0x000000070ac00000| Untracked 
|  62|0x000000070ae00000, 0x000000070ae00000, 0x000000070b000000|  0%| F|  |TAMS 0x000000070ae00000, 0x000000070ae00000| Untracked 
|  63|0x000000070b000000, 0x000000070b000000, 0x000000070b200000|  0%| F|  |TAMS 0x000000070b000000, 0x000000070b000000| Untracked 
|  64|0x000000070b200000, 0x000000070b200000, 0x000000070b400000|  0%| F|  |TAMS 0x000000070b200000, 0x000000070b200000| Untracked 
|  65|0x000000070b400000, 0x000000070b400000, 0x000000070b600000|  0%| F|  |TAMS 0x000000070b400000, 0x000000070b400000| Untracked 
|  66|0x000000070b600000, 0x000000070b600000, 0x000000070b800000|  0%| F|  |TAMS 0x000000070b600000, 0x000000070b600000| Untracked 
|  67|0x000000070b800000, 0x000000070b800000, 0x000000070ba00000|  0%| F|  |TAMS 0x000000070b800000, 0x000000070b800000| Untracked 
|  68|0x000000070ba00000, 0x000000070ba00000, 0x000000070bc00000|  0%| F|  |TAMS 0x000000070ba00000, 0x000000070ba00000| Untracked 
|  69|0x000000070bc00000, 0x000000070bc00000, 0x000000070be00000|  0%| F|  |TAMS 0x000000070bc00000, 0x000000070bc00000| Untracked 
|  70|0x000000070be00000, 0x000000070be00000, 0x000000070c000000|  0%| F|  |TAMS 0x000000070be00000, 0x000000070be00000| Untracked 
|  71|0x000000070c000000, 0x000000070c000000, 0x000000070c200000|  0%| F|  |TAMS 0x000000070c000000, 0x000000070c000000| Untracked 
|  72|0x000000070c200000, 0x000000070c200000, 0x000000070c400000|  0%| F|  |TAMS 0x000000070c200000, 0x000000070c200000| Untracked 
|  73|0x000000070c400000, 0x000000070c400000, 0x000000070c600000|  0%| F|  |TAMS 0x000000070c400000, 0x000000070c400000| Untracked 
|  74|0x000000070c600000, 0x000000070c600000, 0x000000070c800000|  0%| F|  |TAMS 0x000000070c600000, 0x000000070c600000| Untracked 
|  75|0x000000070c800000, 0x000000070c800000, 0x000000070ca00000|  0%| F|  |TAMS 0x000000070c800000, 0x000000070c800000| Untracked 
|  76|0x000000070ca00000, 0x000000070ca00000, 0x000000070cc00000|  0%| F|  |TAMS 0x000000070ca00000, 0x000000070ca00000| Untracked 
|  77|0x000000070cc00000, 0x000000070cc00000, 0x000000070ce00000|  0%| F|  |TAMS 0x000000070cc00000, 0x000000070cc00000| Untracked 
|  78|0x000000070ce00000, 0x000000070ce00000, 0x000000070d000000|  0%| F|  |TAMS 0x000000070ce00000, 0x000000070ce00000| Untracked 
|  79|0x000000070d000000, 0x000000070d000000, 0x000000070d200000|  0%| F|  |TAMS 0x000000070d000000, 0x000000070d000000| Untracked 
|  80|0x000000070d200000, 0x000000070d200000, 0x000000070d400000|  0%| F|  |TAMS 0x000000070d200000, 0x000000070d200000| Untracked 
|  81|0x000000070d400000, 0x000000070d400000, 0x000000070d600000|  0%| F|  |TAMS 0x000000070d400000, 0x000000070d400000| Untracked 
|  82|0x000000070d600000, 0x000000070d600000, 0x000000070d800000|  0%| F|  |TAMS 0x000000070d600000, 0x000000070d600000| Untracked 
|  83|0x000000070d800000, 0x000000070d800000, 0x000000070da00000|  0%| F|  |TAMS 0x000000070d800000, 0x000000070d800000| Untracked 
|  84|0x000000070da00000, 0x000000070da00000, 0x000000070dc00000|  0%| F|  |TAMS 0x000000070da00000, 0x000000070da00000| Untracked 
|  85|0x000000070dc00000, 0x000000070dc00000, 0x000000070de00000|  0%| F|  |TAMS 0x000000070dc00000, 0x000000070dc00000| Untracked 
|  86|0x000000070de00000, 0x000000070de00000, 0x000000070e000000|  0%| F|  |TAMS 0x000000070de00000, 0x000000070de00000| Untracked 
|  87|0x000000070e000000, 0x000000070e000000, 0x000000070e200000|  0%| F|  |TAMS 0x000000070e000000, 0x000000070e000000| Untracked 
|  88|0x000000070e200000, 0x000000070e200000, 0x000000070e400000|  0%| F|  |TAMS 0x000000070e200000, 0x000000070e200000| Untracked 
|  89|0x000000070e400000, 0x000000070e400000, 0x000000070e600000|  0%| F|  |TAMS 0x000000070e400000, 0x000000070e400000| Untracked 
|  90|0x000000070e600000, 0x000000070e600000, 0x000000070e800000|  0%| F|  |TAMS 0x000000070e600000, 0x000000070e600000| Untracked 
|  91|0x000000070e800000, 0x000000070e800000, 0x000000070ea00000|  0%| F|  |TAMS 0x000000070e800000, 0x000000070e800000| Untracked 
|  92|0x000000070ea00000, 0x000000070ea00000, 0x000000070ec00000|  0%| F|  |TAMS 0x000000070ea00000, 0x000000070ea00000| Untracked 
|  93|0x000000070ec00000, 0x000000070ec00000, 0x000000070ee00000|  0%| F|  |TAMS 0x000000070ec00000, 0x000000070ec00000| Untracked 
|  94|0x000000070ee00000, 0x000000070ee00000, 0x000000070f000000|  0%| F|  |TAMS 0x000000070ee00000, 0x000000070ee00000| Untracked 
|  95|0x000000070f000000, 0x000000070f000000, 0x000000070f200000|  0%| F|  |TAMS 0x000000070f000000, 0x000000070f000000| Untracked 
|  96|0x000000070f200000, 0x000000070f200000, 0x000000070f400000|  0%| F|  |TAMS 0x000000070f200000, 0x000000070f200000| Untracked 
|  97|0x000000070f400000, 0x000000070f400000, 0x000000070f600000|  0%| F|  |TAMS 0x000000070f400000, 0x000000070f400000| Untracked 
|  98|0x000000070f600000, 0x000000070f600000, 0x000000070f800000|  0%| F|  |TAMS 0x000000070f600000, 0x000000070f600000| Untracked 
|  99|0x000000070f800000, 0x000000070f800000, 0x000000070fa00000|  0%| F|  |TAMS 0x000000070f800000, 0x000000070f800000| Untracked 
| 100|0x000000070fa00000, 0x000000070fa00000, 0x000000070fc00000|  0%| F|  |TAMS 0x000000070fa00000, 0x000000070fa00000| Untracked 
| 101|0x000000070fc00000, 0x000000070fc00000, 0x000000070fe00000|  0%| F|  |TAMS 0x000000070fc00000, 0x000000070fc00000| Untracked 
| 102|0x000000070fe00000, 0x000000070fe00000, 0x0000000710000000|  0%| F|  |TAMS 0x000000070fe00000, 0x000000070fe00000| Untracked 
| 103|0x0000000710000000, 0x0000000710000000, 0x0000000710200000|  0%| F|  |TAMS 0x0000000710000000, 0x0000000710000000| Untracked 
| 104|0x0000000710200000, 0x0000000710200000, 0x0000000710400000|  0%| F|  |TAMS 0x0000000710200000, 0x0000000710200000| Untracked 
| 105|0x0000000710400000, 0x0000000710400000, 0x0000000710600000|  0%| F|  |TAMS 0x0000000710400000, 0x0000000710400000| Untracked 
| 106|0x0000000710600000, 0x0000000710600000, 0x0000000710800000|  0%| F|  |TAMS 0x0000000710600000, 0x0000000710600000| Untracked 
| 107|0x0000000710800000, 0x0000000710800000, 0x0000000710a00000|  0%| F|  |TAMS 0x0000000710800000, 0x0000000710800000| Untracked 
| 108|0x0000000710a00000, 0x0000000710a00000, 0x0000000710c00000|  0%| F|  |TAMS 0x0000000710a00000, 0x0000000710a00000| Untracked 
| 109|0x0000000710c00000, 0x0000000710c00000, 0x0000000710e00000|  0%| F|  |TAMS 0x0000000710c00000, 0x0000000710c00000| Untracked 
| 110|0x0000000710e00000, 0x0000000710e00000, 0x0000000711000000|  0%| F|  |TAMS 0x0000000710e00000, 0x0000000710e00000| Untracked 
| 111|0x0000000711000000, 0x0000000711000000, 0x0000000711200000|  0%| F|  |TAMS 0x0000000711000000, 0x0000000711000000| Untracked 
| 112|0x0000000711200000, 0x00000007113845c0, 0x0000000711400000| 75%| S|CS|TAMS 0x0000000711200000, 0x0000000711200000| Complete 
| 113|0x0000000711400000, 0x0000000711400000, 0x0000000711600000|  0%| F|  |TAMS 0x0000000711400000, 0x0000000711400000| Untracked 
| 114|0x0000000711600000, 0x0000000711600000, 0x0000000711800000|  0%| F|  |TAMS 0x0000000711600000, 0x0000000711600000| Untracked 
| 115|0x0000000711800000, 0x0000000711800000, 0x0000000711a00000|  0%| F|  |TAMS 0x0000000711800000, 0x0000000711800000| Untracked 
| 116|0x0000000711a00000, 0x0000000711a00000, 0x0000000711c00000|  0%| F|  |TAMS 0x0000000711a00000, 0x0000000711a00000| Untracked 
| 117|0x0000000711c00000, 0x0000000711c00000, 0x0000000711e00000|  0%| F|  |TAMS 0x0000000711c00000, 0x0000000711c00000| Untracked 
| 118|0x0000000711e00000, 0x0000000711e00000, 0x0000000712000000|  0%| F|  |TAMS 0x0000000711e00000, 0x0000000711e00000| Untracked 
| 119|0x0000000712000000, 0x0000000712000000, 0x0000000712200000|  0%| F|  |TAMS 0x0000000712000000, 0x0000000712000000| Untracked 
| 120|0x0000000712200000, 0x0000000712200000, 0x0000000712400000|  0%| F|  |TAMS 0x0000000712200000, 0x0000000712200000| Untracked 
| 121|0x0000000712400000, 0x0000000712400000, 0x0000000712600000|  0%| F|  |TAMS 0x0000000712400000, 0x0000000712400000| Untracked 
| 122|0x0000000712600000, 0x0000000712600000, 0x0000000712800000|  0%| F|  |TAMS 0x0000000712600000, 0x0000000712600000| Untracked 
| 123|0x0000000712800000, 0x0000000712800000, 0x0000000712a00000|  0%| F|  |TAMS 0x0000000712800000, 0x0000000712800000| Untracked 
| 124|0x0000000712a00000, 0x0000000712bee140, 0x0000000712c00000| 96%| E|  |TAMS 0x0000000712a00000, 0x0000000712a00000| Complete 
| 125|0x0000000712c00000, 0x0000000712e00000, 0x0000000712e00000|100%| E|CS|TAMS 0x0000000712c00000, 0x0000000712c00000| Complete 
| 126|0x0000000712e00000, 0x0000000713000000, 0x0000000713000000|100%| E|CS|TAMS 0x0000000712e00000, 0x0000000712e00000| Complete 

Card table byte_map: [0x000002643dab0000,0x000002643e2a0000] _byte_map_base: 0x000002643a297000

Marking Bits (Prev, Next): (CMBitMap*) 0x000002642675b780, (CMBitMap*) 0x000002642675b7c0
 Prev Bits: [0x000002643ea90000, 0x00000264429c8000)
 Next Bits: [0x00000264429d0000, 0x0000026446908000)

Polling page: 0x00000264245b0000

Metaspace:

Usage:
  Non-class:      9.57 MB used.
      Class:      1.46 MB used.
       Both:     11.03 MB used.

Virtual space:
  Non-class space:       64.00 MB reserved,       9.62 MB ( 15%) committed,  1 nodes.
      Class space:        1.00 GB reserved,       1.56 MB ( <1%) committed,  1 nodes.
             Both:        1.06 GB reserved,      11.19 MB (  1%) committed. 

Chunk freelists:
   Non-Class:  5.62 MB
       Class:  14.44 MB
        Both:  20.06 MB

MaxMetaspaceSize: unlimited
CompressedClassSpaceSize: 1.00 GB
Initial GC threshold: 21.00 MB
Current GC threshold: 21.00 MB
CDS: on
MetaspaceReclaimPolicy: balanced
 - commit_granule_bytes: 65536.
 - commit_granule_words: 8192.
 - virtual_space_node_default_size: 8388608.
 - enlarge_chunks_in_place: 1.
 - new_chunks_are_fully_committed: 0.
 - uncommit_free_chunks: 1.
 - use_allocation_guard: 0.
 - handle_deallocations: 1.


Internal statistics:

num_allocs_failed_limit: 0.
num_arena_births: 186.
num_arena_deaths: 0.
num_vsnodes_births: 2.
num_vsnodes_deaths: 0.
num_space_committed: 179.
num_space_uncommitted: 0.
num_chunks_returned_to_freelist: 0.
num_chunks_taken_from_freelist: 556.
num_chunk_merges: 0.
num_chunk_splits: 363.
num_chunks_enlarged: 277.
num_purges: 0.
num_inconsistent_stats: 0.

CodeHeap 'non-profiled nmethods': size=120000Kb used=684Kb max_used=684Kb free=119315Kb
 bounds [0x0000026435a60000, 0x0000026435cd0000, 0x000002643cf90000]
CodeHeap 'profiled nmethods': size=120000Kb used=2999Kb max_used=2999Kb free=117000Kb
 bounds [0x000002642df90000, 0x000002642e280000, 0x00000264354c0000]
CodeHeap 'non-nmethods': size=5760Kb used=1196Kb max_used=1216Kb free=4563Kb
 bounds [0x00000264354c0000, 0x0000026435730000, 0x0000026435a60000]
 total_blobs=2143 nmethods=1667 adapters=388
 compilation: enabled
              stopped_count=0, restarted_count=0
 full_count=0

Compilation events (20 events):
Event: 0.836 Thread 0x0000026449430e90 nmethod 1607 0x000002642e257f90 code [0x000002642e258160, 0x000002642e258458]
Event: 0.836 Thread 0x0000026449430e90 1608       3       jdk.internal.reflect.ClassFileAssembler::cpi (22 bytes)
Event: 0.836 Thread 0x0000026449430e90 nmethod 1608 0x000002642e258610 code [0x000002642e2587c0, 0x000002642e2589e8]
Event: 0.837 Thread 0x0000026449430e90 1612       3       java.lang.reflect.ProxyGenerator::dotToSlash (9 bytes)
Event: 0.837 Thread 0x0000026449430e90 nmethod 1612 0x000002642e258a90 code [0x000002642e258c20, 0x000002642e258d48]
Event: 0.837 Thread 0x0000026449430e90 1610       3       jdk.internal.org.objectweb.asm.MethodWriter::visitTryCatchBlock (67 bytes)
Event: 0.837 Thread 0x0000026449430e90 nmethod 1610 0x000002642e258e10 code [0x000002642e259000, 0x000002642e2596e8]
Event: 0.837 Thread 0x0000026449430e90 1611       3       jdk.internal.org.objectweb.asm.Handler::<init> (32 bytes)
Event: 0.837 Thread 0x0000026449430e90 nmethod 1611 0x000002642e259910 code [0x000002642e259ac0, 0x000002642e259db8]
Event: 0.837 Thread 0x0000026449430e90 1613       3       java.util.EnumSet::noneOf (63 bytes)
Event: 0.838 Thread 0x0000026449430e90 nmethod 1613 0x000002642e259e90 code [0x000002642e25a160, 0x000002642e25afe8]
Event: 0.838 Thread 0x0000026449430e90 1614       3       java.util.EnumSet::getUniverse (10 bytes)
Event: 0.838 Thread 0x0000026449430e90 nmethod 1614 0x000002642e25b510 code [0x000002642e25b6e0, 0x000002642e25ba08]
Event: 0.838 Thread 0x0000026449430e90 1615       3       jdk.internal.reflect.ReflectionFactory::inflationThreshold (4 bytes)
Event: 0.838 Thread 0x0000026449430e90 nmethod 1615 0x000002642e25bb90 code [0x000002642e25bd20, 0x000002642e25be18]
Event: 0.838 Thread 0x0000026449430e90 1616       3       java.lang.Enum::getDeclaringClass (22 bytes)
Event: 0.838 Thread 0x0000026449430e90 nmethod 1616 0x000002642e25be90 code [0x000002642e25c040, 0x000002642e25c228]
Event: 0.838 Thread 0x0000026449430e90 1617       3       java.lang.Class::getGenericSuperclass (28 bytes)
Event: 0.839 Thread 0x0000026449430e90 nmethod 1617 0x000002642e25c310 code [0x000002642e25c560, 0x000002642e25cf78]
Event: 0.839 Thread 0x0000026449430e90 1618       3       jdk.internal.misc.Unsafe::toUnsignedInt (6 bytes)

GC Heap History (4 events):
Event: 0.484 GC heap before
{Heap before GC invocations=0 (full 0):
 garbage-first heap   total 260096K, used 20480K [0x0000000703200000, 0x0000000800000000)
  region size 2048K, 11 young (22528K), 0 survivors (0K)
 Metaspace       used 5361K, committed 5568K, reserved 1114112K
  class space    used 623K, committed 704K, reserved 1048576K
}
Event: 0.487 GC heap after
{Heap after GC invocations=1 (full 0):
 garbage-first heap   total 260096K, used 6413K [0x0000000703200000, 0x0000000800000000)
  region size 2048K, 2 young (4096K), 2 survivors (4096K)
 Metaspace       used 5361K, committed 5568K, reserved 1114112K
  class space    used 623K, committed 704K, reserved 1048576K
}
Event: 0.807 GC heap before
{Heap before GC invocations=1 (full 0):
 garbage-first heap   total 260096K, used 30989K [0x0000000703200000, 0x0000000800000000)
  region size 2048K, 14 young (28672K), 2 survivors (4096K)
 Metaspace       used 10544K, committed 10752K, reserved 1114112K
  class space    used 1353K, committed 1472K, reserved 1048576K
}
Event: 0.810 GC heap after
{Heap after GC invocations=2 (full 0):
 garbage-first heap   total 260096K, used 7958K [0x0000000703200000, 0x0000000800000000)
  region size 2048K, 1 young (2048K), 1 survivors (2048K)
 Metaspace       used 10544K, committed 10752K, reserved 1114112K
  class space    used 1353K, committed 1472K, reserved 1048576K
}

Deoptimization events (20 events):
Event: 0.760 Thread 0x00000264901ccad0 Uncommon trap: trap_request=0xffffffbe fr.pc=0x0000026435af691c relative=0x00000000000011bc
Event: 0.760 Thread 0x00000264901ccad0 Uncommon trap: reason=profile_predicate action=maybe_recompile pc=0x0000026435af691c method=java.io.WinNTFileSystem.normalize(Ljava/lang/String;)Ljava/lang/String; @ 25 c2
Event: 0.760 Thread 0x00000264901ccad0 DEOPT PACKING pc=0x0000026435af691c sp=0x000000a05f6fd290
Event: 0.760 Thread 0x00000264901ccad0 DEOPT UNPACKING pc=0x0000026435515ba3 sp=0x000000a05f6fd268 mode 2
Event: 0.760 Thread 0x00000264901ccad0 Uncommon trap: trap_request=0xffffffbe fr.pc=0x0000026435af691c relative=0x00000000000011bc
Event: 0.760 Thread 0x00000264901ccad0 Uncommon trap: reason=profile_predicate action=maybe_recompile pc=0x0000026435af691c method=java.io.WinNTFileSystem.normalize(Ljava/lang/String;)Ljava/lang/String; @ 25 c2
Event: 0.760 Thread 0x00000264901ccad0 DEOPT PACKING pc=0x0000026435af691c sp=0x000000a05f6fd290
Event: 0.760 Thread 0x00000264901ccad0 DEOPT UNPACKING pc=0x0000026435515ba3 sp=0x000000a05f6fd268 mode 2
Event: 0.760 Thread 0x00000264246ed800 Uncommon trap: trap_request=0xffffffbe fr.pc=0x0000026435af691c relative=0x00000000000011bc
Event: 0.760 Thread 0x00000264246ed800 Uncommon trap: reason=profile_predicate action=maybe_recompile pc=0x0000026435af691c method=java.io.WinNTFileSystem.normalize(Ljava/lang/String;)Ljava/lang/String; @ 25 c2
Event: 0.760 Thread 0x00000264246ed800 DEOPT PACKING pc=0x0000026435af691c sp=0x000000a05dcfe2e0
Event: 0.760 Thread 0x00000264246ed800 DEOPT UNPACKING pc=0x0000026435515ba3 sp=0x000000a05dcfe2b8 mode 2
Event: 0.776 Thread 0x00000264246ed800 Uncommon trap: trap_request=0xffffff45 fr.pc=0x0000026435ad1ce8 relative=0x0000000000001148
Event: 0.776 Thread 0x00000264246ed800 Uncommon trap: reason=unstable_if action=reinterpret pc=0x0000026435ad1ce8 method=java.util.concurrent.ConcurrentHashMap.addCount(JI)V @ 171 c2
Event: 0.776 Thread 0x00000264246ed800 DEOPT PACKING pc=0x0000026435ad1ce8 sp=0x000000a05dcfca90
Event: 0.776 Thread 0x00000264246ed800 DEOPT UNPACKING pc=0x0000026435515ba3 sp=0x000000a05dcfc950 mode 2
Event: 0.806 Thread 0x00000264246ed800 Uncommon trap: trap_request=0xffffff45 fr.pc=0x0000026435a97354 relative=0x0000000000000234
Event: 0.806 Thread 0x00000264246ed800 Uncommon trap: reason=unstable_if action=reinterpret pc=0x0000026435a97354 method=java.lang.String.startsWith(Ljava/lang/String;I)Z @ 50 c2
Event: 0.806 Thread 0x00000264246ed800 DEOPT PACKING pc=0x0000026435a97354 sp=0x000000a05dcfef10
Event: 0.806 Thread 0x00000264246ed800 DEOPT UNPACKING pc=0x0000026435515ba3 sp=0x000000a05dcfee70 mode 2

Classes unloaded (0 events):
No events

Classes redefined (0 events):
No events

Internal exceptions (20 events):
Event: 0.541 Thread 0x00000264246ed800 Exception <a 'java/lang/NoSuchMethodError'{0x0000000712dc2f68}: 'java.lang.Object java.lang.invoke.DirectMethodHandle$Holder.invokeSpecial(java.lang.Object, java.lang.Object, java.lang.Object, java.lang.Object, java.lang.Object, java.lang.Object, java.lang.Object, int)'> (0x0000000712dc2f68) 
thrown [s\open\src\hotspot\share\interpreter\linkResolver.cpp, line 759]
Event: 0.566 Thread 0x00000264246ed800 Exception <a 'java/lang/NoSuchMethodError'{0x0000000712b1b538}: 'int java.lang.invoke.DirectMethodHandle$Holder.invokeInterface(java.lang.Object, java.lang.Object)'> (0x0000000712b1b538) 
thrown [s\open\src\hotspot\share\interpreter\linkResolver.cpp, line 759]
Event: 0.578 Thread 0x00000264246ed800 Exception <a 'java/lang/NoSuchMethodError'{0x0000000712bdbe98}: 'void java.lang.invoke.DirectMethodHandle$Holder.invokeSpecial(java.lang.Object, java.lang.Object, java.lang.Object, java.lang.Object, java.lang.Object)'> (0x0000000712bdbe98) 
thrown [s\open\src\hotspot\share\interpreter\linkResolver.cpp, line 759]
Event: 0.619 Thread 0x00000264246ed800 Exception <a 'java/lang/NoSuchMethodError'{0x0000000712694ea8}: 'void java.lang.invoke.DirectMethodHandle$Holder.invokeSpecial(java.lang.Object, java.lang.Object, java.lang.Object, java.lang.Object, java.lang.Object, java.lang.Object)'> (0x0000000712694ea8) 
thrown [s\open\src\hotspot\share\interpreter\linkResolver.cpp, line 759]
Event: 0.633 Thread 0x00000264246ed800 Exception <a 'java/lang/NoSuchMethodError'{0x0000000712760c00}: 'java.lang.Object java.lang.invoke.DirectMethodHandle$Holder.invokeSpecial(java.lang.Object, java.lang.Object, java.lang.Object, int, java.lang.Object)'> (0x0000000712760c00) 
thrown [s\open\src\hotspot\share\interpreter\linkResolver.cpp, line 759]
Event: 0.634 Thread 0x00000264246ed800 Exception <a 'java/lang/NoSuchMethodError'{0x00000007127694a8}: 'java.lang.Object java.lang.invoke.DirectMethodHandle$Holder.newInvokeSpecial(java.lang.Object, java.lang.Object, java.lang.Object, int, java.lang.Object)'> (0x00000007127694a8) 
thrown [s\open\src\hotspot\share\interpreter\linkResolver.cpp, line 759]
Event: 0.634 Thread 0x00000264246ed800 Exception <a 'java/lang/NoSuchMethodError'{0x0000000712770e78}: 'java.lang.Object java.lang.invoke.Invokers$Holder.linkToTargetMethod(java.lang.Object, java.lang.Object, int, java.lang.Object, java.lang.Object)'> (0x0000000712770e78) 
thrown [s\open\src\hotspot\share\interpreter\linkResolver.cpp, line 759]
Event: 0.635 Thread 0x00000264246ed800 Exception <a 'java/lang/NoSuchMethodError'{0x0000000712780e10}: 'java.lang.Object java.lang.invoke.DirectMethodHandle$Holder.newInvokeSpecial(java.lang.Object, int, java.lang.Object)'> (0x0000000712780e10) 
thrown [s\open\src\hotspot\share\interpreter\linkResolver.cpp, line 759]
Event: 0.635 Thread 0x00000264246ed800 Exception <a 'java/lang/NoSuchMethodError'{0x0000000712785af0}: 'int java.lang.invoke.DirectMethodHandle$Holder.invokeSpecialIFC(java.lang.Object, java.lang.Object, java.lang.Object, java.lang.Object)'> (0x0000000712785af0) 
thrown [s\open\src\hotspot\share\interpreter\linkResolver.cpp, line 759]
Event: 0.649 Thread 0x00000264246ed800 Exception <a 'java/lang/NoSuchMethodError'{0x000000071243f870}: 'void java.lang.invoke.DirectMethodHandle$Holder.invokeInterface(java.lang.Object, java.lang.Object, java.lang.Object)'> (0x000000071243f870) 
thrown [s\open\src\hotspot\share\interpreter\linkResolver.cpp, line 759]
Event: 0.662 Thread 0x00000264246ed800 Exception <a 'java/lang/NoSuchMethodError'{0x00000007124c3b78}: 'void java.lang.invoke.DirectMethodHandle$Holder.invokeStatic(java.lang.Object, java.lang.Object)'> (0x00000007124c3b78) 
thrown [s\open\src\hotspot\share\interpreter\linkResolver.cpp, line 759]
Event: 0.662 Thread 0x00000264246ed800 Exception <a 'java/lang/NoSuchMethodError'{0x00000007124c7378}: 'void java.lang.invoke.DirectMethodHandle$Holder.invokeStaticInit(java.lang.Object, java.lang.Object)'> (0x00000007124c7378) 
thrown [s\open\src\hotspot\share\interpreter\linkResolver.cpp, line 759]
Event: 0.664 Thread 0x00000264246ed800 Exception <a 'java/lang/NoSuchMethodError'{0x00000007124d5b90}: 'void java.lang.invoke.DirectMethodHandle$Holder.invokeStaticInit(java.lang.Object, java.lang.Object, java.lang.Object)'> (0x00000007124d5b90) 
thrown [s\open\src\hotspot\share\interpreter\linkResolver.cpp, line 759]
Event: 0.668 Thread 0x00000264246ed800 Exception <a 'java/lang/NoSuchMethodError'{0x0000000712515188}: 'java.lang.Object java.lang.invoke.DirectMethodHandle$Holder.invokeStatic(java.lang.Object, java.lang.Object, long, java.lang.Object)'> (0x0000000712515188) 
thrown [s\open\src\hotspot\share\interpreter\linkResolver.cpp, line 759]
Event: 0.668 Thread 0x00000264246ed800 Exception <a 'java/lang/NoSuchMethodError'{0x0000000712518c20}: 'java.lang.Object java.lang.invoke.DirectMethodHandle$Holder.invokeStaticInit(java.lang.Object, java.lang.Object, long, java.lang.Object)'> (0x0000000712518c20) 
thrown [s\open\src\hotspot\share\interpreter\linkResolver.cpp, line 759]
Event: 0.668 Thread 0x00000264246ed800 Exception <a 'java/lang/NoSuchMethodError'{0x000000071251f3a0}: 'java.lang.Object java.lang.invoke.DirectMethodHandle$Holder.newInvokeSpecial(java.lang.Object, java.lang.Object, long)'> (0x000000071251f3a0) 
thrown [s\open\src\hotspot\share\interpreter\linkResolver.cpp, line 759]
Event: 0.669 Thread 0x00000264246ed800 Exception <a 'java/lang/NoSuchMethodError'{0x0000000712522f10}: 'java.lang.Object java.lang.invoke.Invokers$Holder.linkToTargetMethod(java.lang.Object, long, java.lang.Object)'> (0x0000000712522f10) 
thrown [s\open\src\hotspot\share\interpreter\linkResolver.cpp, line 759]
Event: 0.679 Thread 0x00000264246ed800 Exception <a 'java/lang/NoSuchMethodError'{0x000000071257f1a0}: 'void java.lang.invoke.DirectMethodHandle$Holder.invokeVirtual(java.lang.Object, java.lang.Object, java.lang.Object, java.lang.Object)'> (0x000000071257f1a0) 
thrown [s\open\src\hotspot\share\interpreter\linkResolver.cpp, line 759]
Event: 0.704 Thread 0x00000264246ed800 Exception <a 'java/lang/NoSuchMethodError'{0x000000071234c3f0}: 'void java.lang.invoke.DirectMethodHandle$Holder.invokeSpecial(java.lang.Object, java.lang.Object, java.lang.Object)'> (0x000000071234c3f0) 
thrown [s\open\src\hotspot\share\interpreter\linkResolver.cpp, line 759]
Event: 0.710 Thread 0x00000264246ed800 Exception <a 'java/lang/IncompatibleClassChangeError'{0x000000071237cce0}: Found class java.lang.Object, but interface was expected> (0x000000071237cce0) 
thrown [s\open\src\hotspot\share\interpreter\linkResolver.cpp, line 826]

VM Operations (20 events):
Event: 0.094 Executing VM operation: HandshakeAllThreads
Event: 0.094 Executing VM operation: HandshakeAllThreads done
Event: 0.179 Executing VM operation: HandshakeAllThreads
Event: 0.179 Executing VM operation: HandshakeAllThreads done
Event: 0.185 Executing VM operation: HandshakeAllThreads
Event: 0.185 Executing VM operation: HandshakeAllThreads done
Event: 0.261 Executing VM operation: HandshakeAllThreads
Event: 0.261 Executing VM operation: HandshakeAllThreads done
Event: 0.276 Executing VM operation: HandshakeAllThreads
Event: 0.276 Executing VM operation: HandshakeAllThreads done
Event: 0.436 Executing VM operation: HandshakeAllThreads
Event: 0.436 Executing VM operation: HandshakeAllThreads done
Event: 0.484 Executing VM operation: G1CollectForAllocation
Event: 0.487 Executing VM operation: G1CollectForAllocation done
Event: 0.565 Executing VM operation: HandshakeAllThreads
Event: 0.565 Executing VM operation: HandshakeAllThreads done
Event: 0.702 Executing VM operation: HandshakeAllThreads
Event: 0.702 Executing VM operation: HandshakeAllThreads done
Event: 0.807 Executing VM operation: G1CollectForAllocation
Event: 0.810 Executing VM operation: G1CollectForAllocation done

Events (20 events):
Event: 0.818 loading class org/xml/sax/EntityResolver
Event: 0.818 loading class org/xml/sax/EntityResolver done
Event: 0.818 loading class org/xml/sax/SAXParseException
Event: 0.819 loading class org/xml/sax/SAXParseException done
Event: 0.819 loading class javax/xml/parsers/ParserConfigurationException
Event: 0.819 loading class javax/xml/parsers/ParserConfigurationException done
Event: 0.820 loading class jdk/internal/reflect/UnsafeQualifiedStaticIntegerFieldAccessorImpl
Event: 0.820 loading class jdk/internal/reflect/UnsafeQualifiedStaticIntegerFieldAccessorImpl done
Event: 0.823 loading class java/io/CharConversionException
Event: 0.824 loading class java/io/CharConversionException done
Event: 0.825 loading class java/time/chrono/HijrahDate
Event: 0.826 loading class java/time/chrono/ChronoLocalDateImpl
Event: 0.826 loading class java/time/chrono/ChronoLocalDateImpl done
Event: 0.826 loading class java/time/chrono/HijrahDate done
Event: 0.826 loading class java/time/chrono/JapaneseDate
Event: 0.826 loading class java/time/chrono/JapaneseDate done
Event: 0.827 loading class java/time/chrono/MinguoDate
Event: 0.827 loading class java/time/chrono/MinguoDate done
Event: 0.827 loading class java/time/chrono/ThaiBuddhistDate
Event: 0.827 loading class java/time/chrono/ThaiBuddhistDate done


Dynamic libraries:
0x00007ff7cf700000 - 0x00007ff7cf710000 	C:\Program Files\Java\jdk-17\bin\java.exe
0x00007ff96ded0000 - 0x00007ff96e0c8000 	C:\Windows\SYSTEM32\ntdll.dll
0x00007ff96c7a0000 - 0x00007ff96c85d000 	C:\Windows\System32\KERNEL32.DLL
0x00007ff96b920000 - 0x00007ff96bc16000 	C:\Windows\System32\KERNELBASE.dll
0x00007ff96b7d0000 - 0x00007ff96b8d0000 	C:\Windows\System32\ucrtbase.dll
0x00007ff95c900000 - 0x00007ff95c919000 	C:\Program Files\Java\jdk-17\bin\jli.dll
0x00007ff956a90000 - 0x00007ff956aab000 	C:\Program Files\Java\jdk-17\bin\VCRUNTIME140.dll
0x00007ff96c6f0000 - 0x00007ff96c79f000 	C:\Windows\System32\ADVAPI32.dll
0x00007ff96c9a0000 - 0x00007ff96ca3e000 	C:\Windows\System32\msvcrt.dll
0x00007ff96daa0000 - 0x00007ff96db3c000 	C:\Windows\System32\sechost.dll
0x00007ff96dc70000 - 0x00007ff96dd96000 	C:\Windows\System32\RPCRT4.dll
0x00007ff96c340000 - 0x00007ff96c4de000 	C:\Windows\System32\USER32.dll
0x00007ff96b730000 - 0x00007ff96b752000 	C:\Windows\System32\win32u.dll
0x00007ff96c5a0000 - 0x00007ff96c5cc000 	C:\Windows\System32\GDI32.dll
0x00007ff96be10000 - 0x00007ff96bf2a000 	C:\Windows\System32\gdi32full.dll
0x00007ff95d550000 - 0x00007ff95d7ea000 	C:\Windows\WinSxS\amd64_microsoft.windows.common-controls_6595b64144ccf1df_6.0.19041.3636_none_60b6a03d71f818d5\COMCTL32.dll
0x00007ff96b5e0000 - 0x00007ff96b67d000 	C:\Windows\System32\msvcp_win.dll
0x00007ff963850000 - 0x00007ff96385a000 	C:\Windows\SYSTEM32\VERSION.dll
0x00007ff96bfb0000 - 0x00007ff96bfe0000 	C:\Windows\System32\IMM32.DLL
0x00007ff965e00000 - 0x00007ff965e0c000 	C:\Program Files\Java\jdk-17\bin\vcruntime140_1.dll
0x00007ff938660000 - 0x00007ff9386ee000 	C:\Program Files\Java\jdk-17\bin\msvcp140.dll
0x00007ff91a720000 - 0x00007ff91b2fe000 	C:\Program Files\Java\jdk-17\bin\server\jvm.dll
0x00007ff96de60000 - 0x00007ff96de68000 	C:\Windows\System32\PSAPI.DLL
0x00007ff949400000 - 0x00007ff949427000 	C:\Windows\SYSTEM32\WINMM.dll
0x00007ff960500000 - 0x00007ff960509000 	C:\Windows\SYSTEM32\WSOCK32.dll
0x00007ff96c930000 - 0x00007ff96c99b000 	C:\Windows\System32\WS2_32.dll
0x00007ff969e00000 - 0x00007ff969e12000 	C:\Windows\SYSTEM32\kernel.appcore.dll
0x00007ff95f5b0000 - 0x00007ff95f5ba000 	C:\Program Files\Java\jdk-17\bin\jimage.dll
0x00007ff969360000 - 0x00007ff969544000 	C:\Windows\SYSTEM32\DBGHELP.DLL
0x00007ff955e10000 - 0x00007ff955e44000 	C:\Windows\SYSTEM32\dbgcore.DLL
0x00007ff96bd80000 - 0x00007ff96be02000 	C:\Windows\System32\bcryptPrimitives.dll
0x00007ff950370000 - 0x00007ff950395000 	C:\Program Files\Java\jdk-17\bin\java.dll
0x00007ff932ea0000 - 0x00007ff932f77000 	C:\Program Files\Java\jdk-17\bin\jsvml.dll
0x00007ff96d140000 - 0x00007ff96d884000 	C:\Windows\System32\SHELL32.dll
0x00007ff969550000 - 0x00007ff969ceb000 	C:\Windows\SYSTEM32\windows.storage.dll
0x00007ff96bfe0000 - 0x00007ff96c334000 	C:\Windows\System32\combase.dll
0x00007ff96aff0000 - 0x00007ff96b01d000 	C:\Windows\SYSTEM32\Wldp.dll
0x00007ff96ddb0000 - 0x00007ff96de5d000 	C:\Windows\System32\SHCORE.dll
0x00007ff96c4e0000 - 0x00007ff96c535000 	C:\Windows\System32\shlwapi.dll
0x00007ff96b4e0000 - 0x00007ff96b505000 	C:\Windows\SYSTEM32\profapi.dll
0x00007ff9566a0000 - 0x00007ff9566b9000 	C:\Program Files\Java\jdk-17\bin\net.dll
0x00007ff966010000 - 0x00007ff96611a000 	C:\Windows\SYSTEM32\WINHTTP.dll
0x00007ff96ad50000 - 0x00007ff96adba000 	C:\Windows\system32\mswsock.dll
0x00007ff956660000 - 0x00007ff956676000 	C:\Program Files\Java\jdk-17\bin\nio.dll
0x00007ff956830000 - 0x00007ff956848000 	C:\Program Files\Java\jdk-17\bin\zip.dll

dbghelp: loaded successfully - version: 4.0.5 - missing functions: none
symbol engine: initialized successfully - sym options: 0x614 - pdb path: .;C:\Program Files\Java\jdk-17\bin;C:\Windows\SYSTEM32;C:\Windows\WinSxS\amd64_microsoft.windows.common-controls_6595b64144ccf1df_6.0.19041.3636_none_60b6a03d71f818d5;C:\Program Files\Java\jdk-17\bin\server

VM Arguments:
jvm_args: -Dfile.encoding=UTF-8 -Duser.country=KR -Duser.language=ko -Duser.variant 
java_command: kr.co.fastcampus.fastcatch.FastcatchApplication
java_class_path (initial): C:\Users\user\OneDrive\πŸ≈¡ »≠∏È\git\project\fc-project\FastCatch-BackEnd\build\classes\java\main;C:\Users\user\OneDrive\πŸ≈¡ »≠∏È\git\project\fc-project\FastCatch-BackEnd\build\resources\main;C:\Users\user\.gradle\caches\modules-2\files-2.1\org.springframework.boot\spring-boot-starter-data-jpa\3.1.5\5fdcfab1fe9d6dddf4352d71f5ed879eb1aa92c2\spring-boot-starter-data-jpa-3.1.5.jar;C:\Users\user\.gradle\caches\modules-2\files-2.1\org.springframework.boot\spring-boot-starter-web\3.1.5\3674e5603cc25bc4dccf73b97d50234332fc3d72\spring-boot-starter-web-3.1.5.jar;C:\Users\user\.gradle\caches\modules-2\files-2.1\org.springframework.boot\spring-boot-starter-validation\3.1.5\f653e6661ec3da08003789f4a6583d1674e333b1\spring-boot-starter-validation-3.1.5.jar;C:\Users\user\.gradle\caches\modules-2\files-2.1\com.h2database\h2\2.1.214\d5c2005c9e3279201e12d4776c948578b16bf8b2\h2-2.1.214.jar;C:\Users\user\.gradle\caches\modules-2\files-2.1\com.mysql\mysql-connector-j\8.0.33\9e64d997873abc4318620264703d3fdb6b02dd5a\mysql-connector-j-8.0.33.jar;C:\Users\user\.gradle\caches\modules-2\files-2.1\org.springframework.boot\spring-boot-starter-aop\3.1.5\2ac1f8bf4c2bce13b46d04abafc69a4f1523a08\spring-boot-starter-aop-3.1.5.jar;C:\Users\user\.gradle\caches\modules-2\files-2.1\org.springframework.boot\spring-boot-starter-jdbc\3.1.5\138c0e0ab493d8a51bb51dfc3b7144d702ff4c26\spring-boot-starter-jdbc-3.1.5.jar;C:\Users\user\.gradle\caches\modules-2\files-2.1\org.hibernate.orm\hibernate-core\6.2.13.Final\de458672b40154ab9ecfe7466987ad1772167af8\hibernate-core-6.2.13.Final.jar;C:\Users\user\.gradle\caches\modules-2\files-2.1\org.springframework.data\spring-data-jpa\3.1.5\6de79da064f0b97c6448e0bfa5d63da9fb6e1582\spring-data-jpa-3.1.5.jar;C:\Users\user\.gradle\caches\modules-2\files-2.1\org.springframework\spring-aspects\6.0.13\59b1d3f507f5ed2e4ef357541c464925831bea9b\spring-aspects-6.0.13.jar;C:\Users\user\.gradle\caches\modules-2\files-2.1\org.springframework.boot\spring-boo
Launcher Type: SUN_STANDARD

[Global flags]
     intx CICompilerCount                          = 4                                         {product} {ergonomic}
     uint ConcGCThreads                            = 2                                         {product} {ergonomic}
     uint G1ConcRefinementThreads                  = 8                                         {product} {ergonomic}
   size_t G1HeapRegionSize                         = 2097152                                   {product} {ergonomic}
    uintx GCDrainStackTargetSize                   = 64                                        {product} {ergonomic}
   size_t InitialHeapSize                          = 266338304                                 {product} {ergonomic}
   size_t MarkStackSize                            = 4194304                                   {product} {ergonomic}
   size_t MaxHeapSize                              = 4242538496                                {product} {ergonomic}
   size_t MaxNewSize                               = 2543845376                                {product} {ergonomic}
   size_t MinHeapDeltaBytes                        = 2097152                                   {product} {ergonomic}
   size_t MinHeapSize                              = 8388608                                   {product} {ergonomic}
    uintx NonNMethodCodeHeapSize                   = 5839372                                {pd product} {ergonomic}
    uintx NonProfiledCodeHeapSize                  = 122909434                              {pd product} {ergonomic}
    uintx ProfiledCodeHeapSize                     = 122909434                              {pd product} {ergonomic}
    uintx ReservedCodeCacheSize                    = 251658240                              {pd product} {ergonomic}
     bool SegmentedCodeCache                       = true                                      {product} {ergonomic}
   size_t SoftMaxHeapSize                          = 4242538496                             {manageable} {ergonomic}
     bool UseCompressedClassPointers               = true                           {product lp64_product} {ergonomic}
     bool UseCompressedOops                        = true                           {product lp64_product} {ergonomic}
     bool UseG1GC                                  = true                                      {product} {ergonomic}
     bool UseLargePagesIndividualAllocation        = false                                  {pd product} {ergonomic}

Logging:
Log output configuration:
 #0: stdout all=warning uptime,level,tags
 #1: stderr all=off uptime,level,tags

Environment Variables:
JAVA_HOME=C:\Program Files\Java\jdk-17
PATH=C:\Program Files\Common Files\Oracle\Java\javapath;C:\Windows\system32;C:\Windows;C:\Windows\System32\Wbem;C:\Windows\System32\WindowsPowerShell\v1.0\;C:\Windows\System32\OpenSSH\;C:\Program Files\Git\cmd;%JAVA_HOME\bin;C:\Program Files (x86)\Windows Kits\10\Windows Performance Toolkit\;C:\Program Files\MySQL\MySQL Shell 8.0\bin\;C:\Users\user\AppData\Local\Microsoft\WindowsApps;;C:\Program Files\JetBrains\IntelliJ IDEA Community Edition 2023.2\bin;
USERNAME=user
OS=Windows_NT
PROCESSOR_IDENTIFIER=Intel64 Family 6 Model 140 Stepping 1, GenuineIntel



---------------  S Y S T E M  ---------------

OS:
 Windows 10 , 64 bit Build 19041 (10.0.19041.3636)
OS uptime: 0 days 16:49 hours

CPU: total 8 (initial active 8) (4 cores per cpu, 2 threads per core) family 6 model 140 stepping 1 microcode 0x6e, cx8, cmov, fxsr, ht, mmx, 3dnowpref, sse, sse2, sse3, ssse3, sse4.1, sse4.2, popcnt, lzcnt, tsc, tscinvbit, avx, avx2, aes, erms, clmul, bmi1, bmi2, adx, avx512f, avx512dq, avx512cd, avx512bw, avx512vl, sha, fma, vzeroupper, avx512_vpopcntdq, avx512_vpclmulqdq, avx512_vaes, avx512_vnni, clflush, clflushopt, clwb, avx512_vbmi2, avx512_vbmi

Memory: 4k page, system-wide physical 16183M (4486M free)
TotalPageFile size 19183M (AvailPageFile size 0M)
current process WorkingSet (physical memory assigned to process): 112M, peak: 112M
current process commit charge ("private bytes"): 380M, peak: 380M

vm_info: Java HotSpot(TM) 64-Bit Server VM (17.0.8+9-LTS-211) for windows-amd64 JRE (17.0.8+9-LTS-211), built on Jun 14 2023 10:34:31 by "mach5one" with MS VC++ 17.1 (VS2022)

END.
